0 info it worked if it ends with ok
1 verbose cli [ '/usr/local/bin/node', '/usr/local/bin/npm', 'install', 'http' ]
2 info using npm@1.2.24
3 info using node@v0.10.9
4 verbose read json /vagrant/ReChargeMerill/package.json
5 warn package.json ReChargeMerill@0.0.1 No repository field.
6 verbose read json /vagrant/ReChargeMerill/node_modules/bower/package.json
7 verbose read json /vagrant/ReChargeMerill/node_modules/express/package.json
8 verbose read json /vagrant/ReChargeMerill/node_modules/jade/package.json
9 verbose read json /vagrant/ReChargeMerill/node_modules/path/package.json
10 verbose from cache /vagrant/ReChargeMerill/package.json
11 verbose readDependencies using package.json deps
12 verbose cache add [ 'http', null ]
13 verbose cache add name=undefined spec="http" args=["http",null]
14 verbose parsed url { protocol: null,
14 verbose parsed url   slashes: null,
14 verbose parsed url   auth: null,
14 verbose parsed url   host: null,
14 verbose parsed url   port: null,
14 verbose parsed url   hostname: null,
14 verbose parsed url   hash: null,
14 verbose parsed url   search: null,
14 verbose parsed url   query: null,
14 verbose parsed url   pathname: 'http',
14 verbose parsed url   path: 'http',
14 verbose parsed url   href: 'http' }
15 silly lockFile 77b5f8e3-http http
16 verbose lock http /home/vagrant/.npm/77b5f8e3-http.lock
17 silly lockFile 77b5f8e3-http http
18 silly lockFile 77b5f8e3-http http
19 verbose addNamed [ 'http', '' ]
20 verbose addNamed [ null, '' ]
21 silly lockFile c1086ff9-http http@
22 verbose lock http@ /home/vagrant/.npm/c1086ff9-http.lock
23 silly addNameRange { name: 'http', range: '', hasData: false }
24 verbose url raw http
25 verbose url resolving [ 'https://registry.npmjs.org/', './http' ]
26 verbose url resolved https://registry.npmjs.org/http
27 info trying registry request attempt 1 at 00:03:58
28 http GET https://registry.npmjs.org/http
29 http 404 https://registry.npmjs.org/http
30 silly registry.get cb [ 404,
30 silly registry.get   { server: 'CouchDB/1.3.0 (Erlang OTP/R15B03)',
30 silly registry.get     date: 'Tue, 04 Jun 2013 00:03:58 GMT',
30 silly registry.get     'content-type': 'application/json',
30 silly registry.get     'content-length': '52',
30 silly registry.get     'cache-control': 'must-revalidate' } ]
31 silly lockFile c1086ff9-http http@
32 silly lockFile c1086ff9-http http@
33 error 404 'http' is not in the npm registry.
33 error 404 You should bug the author to publish it
33 error 404
33 error 404 Note that you can also install from a
33 error 404 tarball, folder, or http url, or git url.
34 error System Linux 3.2.0-23-generic-pae
35 error command "/usr/local/bin/node" "/usr/local/bin/npm" "install" "http"
36 error cwd /vagrant/ReChargeMerill
37 error node -v v0.10.9
38 error npm -v 1.2.24
39 error code E404
40 verbose exit [ 1, true ]
